<?xml version="1.0" encoding="UTF-8"?>
<testng-results skipped="0" failed="0" total="1" passed="1">
  <reporter-output>
  </reporter-output>
  <suite name="Suite" duration-ms="105936" started-at="2018-10-07T04:21:41Z" finished-at="2018-10-07T04:23:27Z">
    <groups>
    </groups>
    <test name="Test" duration-ms="105936" started-at="2018-10-07T04:21:41Z" finished-at="2018-10-07T04:23:27Z">
      <class name="testscripts.Control">
        <test-method status="PASS" signature="controlmethod()[pri:0, instance:testscripts.Control@3930015a]" name="controlmethod" duration-ms="105894" started-at="2018-10-07T09:51:41Z" finished-at="2018-10-07T09:53:27Z">
          <reporter-output>
          </reporter-output>
        </test-method> <!-- controlmethod -->
      </class> <!-- testscripts.Control -->
    </test> <!-- Test -->
  </suite> <!-- Suite -->
</testng-results>
